Using pre-set license
Built from '2020.3/staging' branch; Version is '2020.3.19f1 (68f137dc9bbe) revision 6877495'; Using compiler version '192528614'; Build Type 'Release'
OS: 'Windows 10 Pro; OS build 19043.1237; Version 2009; 64bit' Language: 'es' Physical Memory: 16270 MB
BatchMode: 1, IsHumanControllingUs: 0, StartBugReporterOnCrash: 0, Is64bit: 1, IsPro: 0

COMMAND LINE ARGUMENTS:
C:\Program Files\Unity\Hub\Editor\2020.3.19f1\Editor\Unity.exe
-adb2
-batchMode
-noUpm
-name
AssetImportWorker0
-projectPath
D:/gusgual/gus-gual-tema1/gusgual mi primer proyecto
-logFile
Logs/AssetImportWorker0.log
-srvPort
57683
Successfully changed project path to: D:/gusgual/gus-gual-tema1/gusgual mi primer proyecto
D:/gusgual/gus-gual-tema1/gusgual mi primer proyecto
Using Asset Import Pipeline V2.
Refreshing native plugins compatible for Editor in 29.80 ms, found 2 plugins.
Preloading 0 native plugins for Editor in 0.00 ms.
Initialize engine version: 2020.3.19f1 (68f137dc9bbe)
[Subsystems] Discovering subsystems at path C:/Program Files/Unity/Hub/Editor/2020.3.19f1/Editor/Data/Resources/UnitySubsystems
[Subsystems] Discovering subsystems at path D:/gusgual/gus-gual-tema1/gusgual mi primer proyecto/Assets
GfxDevice: creating device client; threaded=0
Direct3D:
    Version:  Direct3D 11.0 [level 11.1]
    Renderer: NVIDIA GeForce GTX 1050 Ti (ID=0x1c82)
    Vendor:   
    VRAM:     4018 MB
    Driver:   27.21.14.5671
Initialize mono
Mono path[0] = 'C:/Program Files/Unity/Hub/Editor/2020.3.19f1/Editor/Data/Managed'
Mono path[1] = 'C:/Program Files/Unity/Hub/Editor/2020.3.19f1/Editor/Data/MonoBleedingEdge/lib/mono/unityjit'
Mono config path = 'C:/Program Files/Unity/Hub/Editor/2020.3.19f1/Editor/Data/MonoBleedingEdge/etc'
Using monoOptions --debugger-agent=transport=dt_socket,embedding=1,server=y,suspend=n,address=127.0.0.1:56792
Begin MonoManager ReloadAssembly
Registering precompiled unity dll's ...
Register platform support module: C:/Program Files/Unity/Hub/Editor/2020.3.19f1/Editor/Data/PlaybackEngines/WindowsStandaloneSupport/UnityEditor.WindowsStandalone.Extensions.dll
Registered in 0.002050 seconds.
Native extension for WindowsStandalone target not found
Refreshing native plugins compatible for Editor in 30.21 ms, found 2 plugins.
Preloading 0 native plugins for Editor in 0.00 ms.
Mono: successfully reloaded assembly
- Completed reload, in  1.114 seconds
Domain Reload Profiling:
	ReloadAssembly (1114ms)
		BeginReloadAssembly (57ms)
			ExecutionOrderSort (0ms)
			DisableScriptedObjects (0ms)
			BackupInstance (0ms)
			ReleaseScriptingObjects (0ms)
			CreateAndSetChildDomain (1ms)
		EndReloadAssembly (438ms)
			LoadAssemblies (55ms)
			RebuildTransferFunctionScriptingTraits (0ms)
			SetupTypeCache (166ms)
			ReleaseScriptCaches (0ms)
			RebuildScriptCaches (33ms)
			SetupLoadedEditorAssemblies (164ms)
				LogAssemblyErrors (0ms)
				InitializePlatformSupportModulesInManaged (4ms)
				SetLoadedEditorAssemblies (0ms)
				RefreshPlugins (30ms)
				BeforeProcessingInitializeOnLoad (9ms)
				ProcessInitializeOnLoadAttributes (89ms)
				ProcessInitializeOnLoadMethodAttributes (31ms)
				AfterProcessingInitializeOnLoad (0ms)
				EditorAssembliesLoaded (0ms)
			ExecutionOrderSort2 (0ms)
			AwakeInstancesAfterBackupRestoration (0ms)
Platform modules already initialized, skipping
Registering precompiled user dll's ...
Registered in 0.001903 seconds.
Begin MonoManager ReloadAssembly
Native extension for WindowsStandalone target not found
Refreshing native plugins compatible for Editor in 0.29 ms, found 2 plugins.
Preloading 0 native plugins for Editor in 0.00 ms.
Mono: successfully reloaded assembly
- Completed reload, in  1.050 seconds
Domain Reload Profiling:
	ReloadAssembly (1050ms)
		BeginReloadAssembly (157ms)
			ExecutionOrderSort (0ms)
			DisableScriptedObjects (5ms)
			BackupInstance (0ms)
			ReleaseScriptingObjects (0ms)
			CreateAndSetChildDomain (19ms)
		EndReloadAssembly (827ms)
			LoadAssemblies (87ms)
			RebuildTransferFunctionScriptingTraits (0ms)
			SetupTypeCache (292ms)
			ReleaseScriptCaches (0ms)
			RebuildScriptCaches (43ms)
			SetupLoadedEditorAssemblies (303ms)
				LogAssemblyErrors (0ms)
				InitializePlatformSupportModulesInManaged (6ms)
				SetLoadedEditorAssemblies (0ms)
				RefreshPlugins (0ms)
				BeforeProcessingInitializeOnLoad (56ms)
				ProcessInitializeOnLoadAttributes (229ms)
				ProcessInitializeOnLoadMethodAttributes (5ms)
				AfterProcessingInitializeOnLoad (6ms)
				EditorAssembliesLoaded (0ms)
			ExecutionOrderSort2 (0ms)
			AwakeInstancesAfterBackupRestoration (8ms)
Platform modules already initialized, skipping
========================================================================
Worker process is ready to serve import requests
Launched and connected shader compiler UnityShaderCompiler.exe after 0.04 seconds
Refreshing native plugins compatible for Editor in 0.30 ms, found 2 plugins.
Preloading 0 native plugins for Editor in 0.00 ms.
Unloading 1397 Unused Serialized files (Serialized files now loaded: 0)
System memory in use before: 84.7 MB.
System memory in use after: 84.8 MB.

Unloading 16 unused Assets to reduce memory usage. Loaded Objects now: 1856.
Total: 3.080700 ms (FindLiveObjects: 0.127000 ms CreateObjectMapping: 0.038900 ms MarkObjects: 2.767300 ms  DeleteObjects: 0.146600 ms)

AssetImportParameters requested are different than current active one (requested -> active):
  custom:framework-win-MediaFoundation: 216162199b28c13a410421893ffa2e32 -> 
  custom:video-decoder-ogg-theora: a1e56fd34408186e4bbccfd4996cb3dc -> 
  custom:container-muxer-webm: aa71ff27fc2769a1b78a27578f13a17b -> 
  custom:container-demuxer-webm: 4f35f7cbe854078d1ac9338744f61a02 -> 
  custom:container-demuxer-ogg: 62fdf1f143b41e24485cea50d1cbac27 -> 
  custom:video-encoder-webm-vp8: eb34c28f22e8b96e1ab97ce403110664 -> 
  custom:video-decoder-webm-vp8: 9c59270c3fd7afecdb556c50c9e8de78 -> 
  custom:audio-decoder-ogg-vorbis: bf7c407c2cedff20999df2af8eb42d56 -> 
  custom:audio-encoder-webm-vorbis: bf7c407c2cedff20999df2af8eb42d56 -> 
========================================================================
Received Import Request.
  path: Assets/Scenes/materials/ojo_mat.mat
  artifactKey: Guid(30873e6970e70e0469af1b4eb429af28) Importer(815301076,1909f56bfc062723c751e8b465ee728b)
Start importing Assets/Scenes/materials/ojo_mat.mat using Guid(30873e6970e70e0469af1b4eb429af28) Importer(815301076,1909f56bfc062723c751e8b465ee728b)  -> (artifact id: '7dbd583c7b2672dc39713235c09ec577') in 0.100406 seconds 
  Import took 0.102512 seconds .

========================================================================
Received Import Request.
  Time since last request: 2.864299 seconds.
  path: Assets/Scenes/materials/ojo png.jpg
  artifactKey: Guid(4314e823eacc0d043b206ae26fdad080) Importer(815301076,1909f56bfc062723c751e8b465ee728b)
Start importing Assets/Scenes/materials/ojo png.jpg using Guid(4314e823eacc0d043b206ae26fdad080) Importer(815301076,1909f56bfc062723c751e8b465ee728b)  -> (artifact id: '9617b19cc2d18f1ef668c791ba649c9c') in 0.021469 seconds 
  Import took 0.024135 seconds .

========================================================================
Received Import Request.
  Time since last request: 137.762812 seconds.
  path: Assets/Scenes/materials/ojo ciber.jpg
  artifactKey: Guid(81f3508854b17d64aac67cbc4acbbbea) Importer(815301076,1909f56bfc062723c751e8b465ee728b)
Start importing Assets/Scenes/materials/ojo ciber.jpg using Guid(81f3508854b17d64aac67cbc4acbbbea) Importer(815301076,1909f56bfc062723c751e8b465ee728b)  -> (artifact id: '37485727ba0d43f8a62c0280b2e4c31a') in 0.008231 seconds 
  Import took 0.012012 seconds .

========================================================================
Received Import Request.
  Time since last request: 50.561383 seconds.
  path: Assets/Scenes/materials/chip circuit material.png
  artifactKey: Guid(7f4a3073f206bf7448312eaf81e1231f) Importer(815301076,1909f56bfc062723c751e8b465ee728b)
Start importing Assets/Scenes/materials/chip circuit material.png using Guid(7f4a3073f206bf7448312eaf81e1231f) Importer(815301076,1909f56bfc062723c751e8b465ee728b)  -> (artifact id: '2693c57e7685dfcf3f933fee33d0f8d7') in 0.008910 seconds 
  Import took 0.011817 seconds .

========================================================================
Received Import Request.
  Time since last request: 340.336204 seconds.
  path: Assets/Scenes/materials/flash rojo.jpg
  artifactKey: Guid(9a41f1be76063774e8001948faa8c5ea) Importer(815301076,1909f56bfc062723c751e8b465ee728b)
Start importing Assets/Scenes/materials/flash rojo.jpg using Guid(9a41f1be76063774e8001948faa8c5ea) Importer(815301076,1909f56bfc062723c751e8b465ee728b)  -> (artifact id: 'bcc368515ca47bc20c97ac9cf360dc88') in 0.010597 seconds 
  Import took 0.014183 seconds .

========================================================================
Received Import Request.
  Time since last request: 13.117258 seconds.
  path: Assets/Scenes/materials/flash rojo.mat
  artifactKey: Guid(3aaed5e7fd40bfb48b1443448d97c942) Importer(815301076,1909f56bfc062723c751e8b465ee728b)
Start importing Assets/Scenes/materials/flash rojo.mat using Guid(3aaed5e7fd40bfb48b1443448d97c942) Importer(815301076,1909f56bfc062723c751e8b465ee728b)  -> (artifact id: '08f7d72bf34abbcccdbd496c90729fcd') in 0.010949 seconds 
  Import took 0.013851 seconds .

========================================================================
Received Import Request.
  Time since last request: 441.508840 seconds.
  path: Assets/Scenes/materials/Materials/flash rojo.mat
  artifactKey: Guid(75373cb04f3d6704581c5112b2c9624a) Importer(815301076,1909f56bfc062723c751e8b465ee728b)
Start importing Assets/Scenes/materials/Materials/flash rojo.mat using Guid(75373cb04f3d6704581c5112b2c9624a) Importer(815301076,1909f56bfc062723c751e8b465ee728b)  -> (artifact id: '34a2a133388bcfcd57e0ad3b84d59766') in 0.011161 seconds 
  Import took 0.014687 seconds .

========================================================================
Received Import Request.
  Time since last request: 46.336309 seconds.
  path: Assets/Scenes/SampleScene.unity
  artifactKey: Guid(9fc0d4010bbf28b4594072e72b8655ab) Importer(815301076,1909f56bfc062723c751e8b465ee728b)
Start importing Assets/Scenes/SampleScene.unity using Guid(9fc0d4010bbf28b4594072e72b8655ab) Importer(815301076,1909f56bfc062723c751e8b465ee728b)  -> (artifact id: '64191851d3d2d33525e73c1410c85f1d') in 0.001670 seconds 
  Import took 0.004084 seconds .

========================================================================
Received Import Request.
  Time since last request: 18.414616 seconds.
  path: Assets/Scenes/pro.unity
  artifactKey: Guid(2e5a6a845b00bfa47a1588f90bde8dff) Importer(815301076,1909f56bfc062723c751e8b465ee728b)
Start importing Assets/Scenes/pro.unity using Guid(2e5a6a845b00bfa47a1588f90bde8dff) Importer(815301076,1909f56bfc062723c751e8b465ee728b)  -> (artifact id: '821af0f711dea7dc89cca47ac8b1eb03') in 0.001508 seconds 
  Import took 0.003865 seconds .

========================================================================
Received Import Request.
  Time since last request: 60.477786 seconds.
  path: Assets/Scenes/materials/blue_mat.mat
  artifactKey: Guid(b36cf37b7089a4f41864a6ff6a75b37a) Importer(815301076,1909f56bfc062723c751e8b465ee728b)
Start importing Assets/Scenes/materials/blue_mat.mat using Guid(b36cf37b7089a4f41864a6ff6a75b37a) Importer(815301076,1909f56bfc062723c751e8b465ee728b)  -> (artifact id: 'e1f4dacf6672f9a2147b4eb0c5b21e92') in 0.007242 seconds 
  Import took 0.009711 seconds .

========================================================================
Received Import Request.
  Time since last request: 0.000268 seconds.
  path: Assets/Scenes/materials/flash rojo.mat
  artifactKey: Guid(3aaed5e7fd40bfb48b1443448d97c942) Importer(815301076,1909f56bfc062723c751e8b465ee728b)
Start importing Assets/Scenes/materials/flash rojo.mat using Guid(3aaed5e7fd40bfb48b1443448d97c942) Importer(815301076,1909f56bfc062723c751e8b465ee728b)  -> (artifact id: '22cdd433fdca7a8c62f72e118efbb9fd') in 0.006382 seconds 
  Import took 0.008453 seconds .

========================================================================
Received Import Request.
  Time since last request: 0.000281 seconds.
  path: Assets/Scenes/materials/ojo_mat.mat
  artifactKey: Guid(30873e6970e70e0469af1b4eb429af28) Importer(815301076,1909f56bfc062723c751e8b465ee728b)
Start importing Assets/Scenes/materials/ojo_mat.mat using Guid(30873e6970e70e0469af1b4eb429af28) Importer(815301076,1909f56bfc062723c751e8b465ee728b)  -> (artifact id: '78197f693f294cca141056386a1049c7') in 0.006405 seconds 
  Import took 0.008473 seconds .

AssetImportWorkerClient::OnTransportError - code=2 error=End of file
